0 info it worked if it ends with ok
1 verbose cli [ '/usr/bin/node', '/usr/bin/npm', 'run', 'serve' ]
2 info using npm@3.5.2
3 info using node@v8.10.0
4 verbose run-script [ 'preserve', 'serve', 'postserve' ]
5 info lifecycle vue-material-dashboard@1.3.2~preserve: vue-material-dashboard@1.3.2
6 silly lifecycle vue-material-dashboard@1.3.2~preserve: no script for preserve, continuing
7 info lifecycle vue-material-dashboard@1.3.2~serve: vue-material-dashboard@1.3.2
8 verbose lifecycle vue-material-dashboard@1.3.2~serve: unsafe-perm in lifecycle true
9 verbose lifecycle vue-material-dashboard@1.3.2~serve: PATH: /usr/share/npm/bin/node-gyp-bin:/media/jdc/2a88590c-7741-4d00-8fa4-97e1a63cea21/Desenvolvimento/Projetos/now_projects/financeiro/node_modules/.bin:/tmp/yarn--1578866969282-0.01818143183563592:/media/jdc/2a88590c-7741-4d00-8fa4-97e1a63cea21/Desenvolvimento/Projetos/now_projects/financeiro/node_modules/.bin:/usr/local/share/.config/yarn/link/node_modules/.bin:/usr/libexec/lib/node_modules/npm/bin/node-gyp-bin:/usr/lib/node_modules/npm/bin/node-gyp-bin:/usr/bin/node_modules/npm/bin/node-gyp-bin:/root/.cache/co.zeit.now/dev/builders:/usr/bin:/usr/local/sbin:/usr/local/bin:/usr/sbin:/usr/bin:/sbin:/bin:/usr/games:/usr/local/games
10 verbose lifecycle vue-material-dashboard@1.3.2~serve: CWD: /media/jdc/2a88590c-7741-4d00-8fa4-97e1a63cea21/Desenvolvimento/Projetos/now_projects/financeiro
11 silly lifecycle vue-material-dashboard@1.3.2~serve: Args: [ '-c', 'vue-cli-service serve --open' ]
12 info lifecycle vue-material-dashboard@1.3.2~serve: Failed to exec serve script
13 verbose stack Error: vue-material-dashboard@1.3.2 serve: `vue-cli-service serve --open`
13 verbose stack spawn ENOENT
13 verbose stack     at ChildProcess.<anonymous> (/usr/share/npm/lib/utils/spawn.js:17:16)
13 verbose stack     at emitTwo (events.js:126:13)
13 verbose stack     at ChildProcess.emit (events.js:214:7)
13 verbose stack     at maybeClose (internal/child_process.js:925:16)
13 verbose stack     at Process.ChildProcess._handle.onexit (internal/child_process.js:209:5)
14 verbose pkgid vue-material-dashboard@1.3.2
15 verbose cwd /media/jdc/2a88590c-7741-4d00-8fa4-97e1a63cea21/Desenvolvimento/Projetos/now_projects/financeiro
16 error Linux 4.15.0-74-generic
17 error argv "/usr/bin/node" "/usr/bin/npm" "run" "serve"
18 error node v8.10.0
19 error npm  v3.5.2
20 error file sh
21 error code ELIFECYCLE
22 error errno ENOENT
23 error syscall spawn
24 error vue-material-dashboard@1.3.2 serve: `vue-cli-service serve --open`
24 error spawn ENOENT
25 error Failed at the vue-material-dashboard@1.3.2 serve script 'vue-cli-service serve --open'.
25 error Make sure you have the latest version of node.js and npm installed.
25 error If you do, this is most likely a problem with the vue-material-dashboard package,
25 error not with npm itself.
25 error Tell the author that this fails on your system:
25 error     vue-cli-service serve --open
25 error You can get information on how to open an issue for this project with:
25 error     npm bugs vue-material-dashboard
25 error Or if that isn't available, you can get their info via:
25 error     npm owner ls vue-material-dashboard
25 error There is likely additional logging output above.
26 verbose exit [ 1, true ]
